2023-07-05 11:48:44 WARN  FOUserAgent:97 - The following feature isn't implemented by Apache FOP, yet: table-layout="auto" (on fo:table) (No context info available)
2023-07-05 11:48:44 WARN  FOUserAgent:97 - The following feature isn't implemented by Apache FOP, yet: table-layout="auto" (on fo:table) (No context info available)
2023-07-05 11:48:44 WARN  FOUserAgent:97 - The following feature isn't implemented by Apache FOP, yet: table-layout="auto" (on fo:table) (No context info available)
2023-07-05 11:48:44 WARN  FOUserAgent:94 - Font "Symbol,normal,700" not found. Substituting with "Symbol,normal,400".
2023-07-05 11:48:44 WARN  FOUserAgent:94 - Font "ZapfDingbats,normal,700" not found. Substituting with "ZapfDingbats,normal,400".
2023-07-05 11:48:44 INFO  FOUserAgent:83 - Rendered page #1.
2023-07-06 11:09:55 WARN  FOUserAgent:97 - The following feature isn't implemented by Apache FOP, yet: table-layout="auto" (on fo:table) (No context info available)
2023-07-06 11:09:55 WARN  FOUserAgent:97 - The following feature isn't implemented by Apache FOP, yet: table-layout="auto" (on fo:table) (No context info available)
2023-07-06 11:09:55 WARN  FOUserAgent:97 - The following feature isn't implemented by Apache FOP, yet: table-layout="auto" (on fo:table) (No context info available)
2023-07-06 11:09:55 WARN  FOUserAgent:94 - Font "Symbol,normal,700" not found. Substituting with "Symbol,normal,400".
2023-07-06 11:09:55 WARN  FOUserAgent:94 - Font "ZapfDingbats,normal,700" not found. Substituting with "ZapfDingbats,normal,400".
2023-07-06 11:09:55 INFO  FOUserAgent:83 - Rendered page #1.
2023-07-06 14:30:56 WARN  FOUserAgent:97 - The following feature isn't implemented by Apache FOP, yet: table-layout="auto" (on fo:table) (No context info available)
2023-07-06 14:30:56 WARN  FOUserAgent:97 - The following feature isn't implemented by Apache FOP, yet: table-layout="auto" (on fo:table) (No context info available)
2023-07-06 14:30:56 WARN  FOUserAgent:97 - The following feature isn't implemented by Apache FOP, yet: table-layout="auto" (on fo:table) (No context info available)
2023-07-06 14:30:56 WARN  FOUserAgent:94 - Font "Symbol,normal,700" not found. Substituting with "Symbol,normal,400".
2023-07-06 14:30:56 WARN  FOUserAgent:94 - Font "ZapfDingbats,normal,700" not found. Substituting with "ZapfDingbats,normal,400".
2023-07-06 14:30:56 INFO  FOUserAgent:83 - Rendered page #1.
2023-07-06 14:32:16 WARN  PageNotFound:215 - Request method 'GET' not supported
2023-07-06 14:32:48 WARN  PageNotFound:215 - Request method 'GET' not supported
2023-07-06 14:37:30 WARN  PageNotFound:215 - Request method 'GET' not supported
2023-07-06 14:38:39 WARN  FOUserAgent:97 - The following feature isn't implemented by Apache FOP, yet: table-layout="auto" (on fo:table) (No context info available)
2023-07-06 14:38:39 WARN  FOUserAgent:97 - The following feature isn't implemented by Apache FOP, yet: table-layout="auto" (on fo:table) (No context info available)
2023-07-06 14:38:39 WARN  FOUserAgent:97 - The following feature isn't implemented by Apache FOP, yet: table-layout="auto" (on fo:table) (No context info available)
2023-07-06 14:38:39 WARN  FOUserAgent:94 - Font "Symbol,normal,700" not found. Substituting with "Symbol,normal,400".
2023-07-06 14:38:39 WARN  FOUserAgent:94 - Font "ZapfDingbats,normal,700" not found. Substituting with "ZapfDingbats,normal,400".
2023-07-06 14:38:39 INFO  FOUserAgent:83 - Rendered page #1.
2023-07-06 14:45:03 WARN  FOUserAgent:97 - The following feature isn't implemented by Apache FOP, yet: table-layout="auto" (on fo:table) (No context info available)
2023-07-06 14:45:03 WARN  FOUserAgent:97 - The following feature isn't implemented by Apache FOP, yet: table-layout="auto" (on fo:table) (No context info available)
2023-07-06 14:45:03 WARN  FOUserAgent:97 - The following feature isn't implemented by Apache FOP, yet: table-layout="auto" (on fo:table) (No context info available)
2023-07-06 14:45:03 WARN  FOUserAgent:94 - Font "Symbol,normal,700" not found. Substituting with "Symbol,normal,400".
2023-07-06 14:45:03 WARN  FOUserAgent:94 - Font "ZapfDingbats,normal,700" not found. Substituting with "ZapfDingbats,normal,400".
2023-07-06 14:45:03 INFO  FOUserAgent:83 - Rendered page #1.
2023-07-11 12:07:11 WARN  FOUserAgent:97 - The following feature isn't implemented by Apache FOP, yet: table-layout="auto" (on fo:table) (No context info available)
2023-07-11 12:07:11 WARN  FOUserAgent:97 - The following feature isn't implemented by Apache FOP, yet: table-layout="auto" (on fo:table) (No context info available)
2023-07-11 12:07:11 WARN  FOUserAgent:97 - The following feature isn't implemented by Apache FOP, yet: table-layout="auto" (on fo:table) (No context info available)
2023-07-11 12:07:11 WARN  FOUserAgent:94 - Font "Symbol,normal,700" not found. Substituting with "Symbol,normal,400".
2023-07-11 12:07:11 WARN  FOUserAgent:94 - Font "ZapfDingbats,normal,700" not found. Substituting with "ZapfDingbats,normal,400".
2023-07-11 12:07:11 INFO  FOUserAgent:83 - Rendered page #1.
2023-07-11 16:25:09 WARN  FOUserAgent:97 - The following feature isn't implemented by Apache FOP, yet: table-layout="auto" (on fo:table) (No context info available)
2023-07-11 16:25:09 WARN  FOUserAgent:97 - The following feature isn't implemented by Apache FOP, yet: table-layout="auto" (on fo:table) (No context info available)
2023-07-11 16:25:09 WARN  FOUserAgent:97 - The following feature isn't implemented by Apache FOP, yet: table-layout="auto" (on fo:table) (No context info available)
2023-07-11 16:25:09 WARN  FOUserAgent:94 - Font "Symbol,normal,700" not found. Substituting with "Symbol,normal,400".
2023-07-11 16:25:09 WARN  FOUserAgent:94 - Font "ZapfDingbats,normal,700" not found. Substituting with "ZapfDingbats,normal,400".
2023-07-11 16:25:09 INFO  FOUserAgent:83 - Rendered page #1.
2023-07-11 22:21:18 WARN  FOUserAgent:97 - The following feature isn't implemented by Apache FOP, yet: table-layout="auto" (on fo:table) (No context info available)
2023-07-11 22:21:18 WARN  FOUserAgent:97 - The following feature isn't implemented by Apache FOP, yet: table-layout="auto" (on fo:table) (No context info available)
2023-07-11 22:21:18 WARN  FOUserAgent:97 - The following feature isn't implemented by Apache FOP, yet: table-layout="auto" (on fo:table) (No context info available)
2023-07-11 22:21:18 WARN  FOUserAgent:94 - Font "Symbol,normal,700" not found. Substituting with "Symbol,normal,400".
2023-07-11 22:21:18 WARN  FOUserAgent:94 - Font "ZapfDingbats,normal,700" not found. Substituting with "ZapfDingbats,normal,400".
2023-07-11 22:21:18 INFO  FOUserAgent:83 - Rendered page #1.
2023-07-14 18:51:56 WARN  FOUserAgent:97 - The following feature isn't implemented by Apache FOP, yet: table-layout="auto" (on fo:table) (No context info available)
2023-07-14 18:51:56 WARN  FOUserAgent:97 - The following feature isn't implemented by Apache FOP, yet: table-layout="auto" (on fo:table) (No context info available)
2023-07-14 18:51:56 WARN  FOUserAgent:97 - The following feature isn't implemented by Apache FOP, yet: table-layout="auto" (on fo:table) (No context info available)
2023-07-14 18:51:56 WARN  FOUserAgent:94 - Font "Symbol,normal,700" not found. Substituting with "Symbol,normal,400".
2023-07-14 18:51:56 WARN  FOUserAgent:94 - Font "ZapfDingbats,normal,700" not found. Substituting with "ZapfDingbats,normal,400".
2023-07-14 18:51:56 INFO  FOUserAgent:83 - Rendered page #1.
2023-07-14 18:54:09 WARN  FOUserAgent:97 - The following feature isn't implemented by Apache FOP, yet: table-layout="auto" (on fo:table) (No context info available)
2023-07-14 18:54:09 WARN  FOUserAgent:97 - The following feature isn't implemented by Apache FOP, yet: table-layout="auto" (on fo:table) (No context info available)
2023-07-14 18:54:09 WARN  FOUserAgent:97 - The following feature isn't implemented by Apache FOP, yet: table-layout="auto" (on fo:table) (No context info available)
2023-07-14 18:54:09 WARN  FOUserAgent:94 - Font "Symbol,normal,700" not found. Substituting with "Symbol,normal,400".
2023-07-14 18:54:09 WARN  FOUserAgent:94 - Font "ZapfDingbats,normal,700" not found. Substituting with "ZapfDingbats,normal,400".
2023-07-14 18:54:09 INFO  FOUserAgent:83 - Rendered page #1.
2023-07-14 18:56:27 WARN  FOUserAgent:97 - The following feature isn't implemented by Apache FOP, yet: table-layout="auto" (on fo:table) (No context info available)
2023-07-14 18:56:27 WARN  FOUserAgent:97 - The following feature isn't implemented by Apache FOP, yet: table-layout="auto" (on fo:table) (No context info available)
2023-07-14 18:56:27 WARN  FOUserAgent:97 - The following feature isn't implemented by Apache FOP, yet: table-layout="auto" (on fo:table) (No context info available)
2023-07-14 18:56:27 WARN  FOUserAgent:94 - Font "Symbol,normal,700" not found. Substituting with "Symbol,normal,400".
2023-07-14 18:56:27 WARN  FOUserAgent:94 - Font "ZapfDingbats,normal,700" not found. Substituting with "ZapfDingbats,normal,400".
2023-07-14 18:56:27 INFO  FOUserAgent:83 - Rendered page #1.
2023-07-14 19:01:58 WARN  FOUserAgent:97 - The following feature isn't implemented by Apache FOP, yet: table-layout="auto" (on fo:table) (No context info available)
2023-07-14 19:01:58 WARN  FOUserAgent:97 - The following feature isn't implemented by Apache FOP, yet: table-layout="auto" (on fo:table) (No context info available)
2023-07-14 19:01:58 WARN  FOUserAgent:97 - The following feature isn't implemented by Apache FOP, yet: table-layout="auto" (on fo:table) (No context info available)
2023-07-14 19:01:59 WARN  FOUserAgent:94 - Font "Symbol,normal,700" not found. Substituting with "Symbol,normal,400".
2023-07-14 19:01:59 WARN  FOUserAgent:94 - Font "ZapfDingbats,normal,700" not found. Substituting with "ZapfDingbats,normal,400".
2023-07-14 19:01:59 INFO  FOUserAgent:83 - Rendered page #1.
2023-07-14 19:13:50 WARN  FOUserAgent:97 - The following feature isn't implemented by Apache FOP, yet: table-layout="auto" (on fo:table) (No context info available)
2023-07-14 19:13:50 WARN  FOUserAgent:97 - The following feature isn't implemented by Apache FOP, yet: table-layout="auto" (on fo:table) (No context info available)
2023-07-14 19:13:50 WARN  FOUserAgent:97 - The following feature isn't implemented by Apache FOP, yet: table-layout="auto" (on fo:table) (No context info available)
2023-07-14 19:13:50 WARN  FOUserAgent:94 - Font "Symbol,normal,700" not found. Substituting with "Symbol,normal,400".
2023-07-14 19:13:50 WARN  FOUserAgent:94 - Font "ZapfDingbats,normal,700" not found. Substituting with "ZapfDingbats,normal,400".
2023-07-14 19:13:50 INFO  FOUserAgent:83 - Rendered page #1.
2023-07-14 19:16:08 WARN  FOUserAgent:97 - The following feature isn't implemented by Apache FOP, yet: table-layout="auto" (on fo:table) (No context info available)
2023-07-14 19:16:08 WARN  FOUserAgent:97 - The following feature isn't implemented by Apache FOP, yet: table-layout="auto" (on fo:table) (No context info available)
2023-07-14 19:16:08 WARN  FOUserAgent:97 - The following feature isn't implemented by Apache FOP, yet: table-layout="auto" (on fo:table) (No context info available)
2023-07-14 19:16:08 WARN  FOUserAgent:94 - Font "Symbol,normal,700" not found. Substituting with "Symbol,normal,400".
2023-07-14 19:16:08 WARN  FOUserAgent:94 - Font "ZapfDingbats,normal,700" not found. Substituting with "ZapfDingbats,normal,400".
2023-07-14 19:16:08 INFO  FOUserAgent:83 - Rendered page #1.
2023-07-14 19:17:47 WARN  FOUserAgent:97 - The following feature isn't implemented by Apache FOP, yet: table-layout="auto" (on fo:table) (No context info available)
2023-07-14 19:17:47 WARN  FOUserAgent:97 - The following feature isn't implemented by Apache FOP, yet: table-layout="auto" (on fo:table) (No context info available)
2023-07-14 19:17:47 WARN  FOUserAgent:97 - The following feature isn't implemented by Apache FOP, yet: table-layout="auto" (on fo:table) (No context info available)
2023-07-14 19:17:47 WARN  FOUserAgent:94 - Font "Symbol,normal,700" not found. Substituting with "Symbol,normal,400".
2023-07-14 19:17:47 WARN  FOUserAgent:94 - Font "ZapfDingbats,normal,700" not found. Substituting with "ZapfDingbats,normal,400".
2023-07-14 19:17:47 INFO  FOUserAgent:83 - Rendered page #1.
2023-07-15 11:00:27 WARN  FOUserAgent:97 - The following feature isn't implemented by Apache FOP, yet: table-layout="auto" (on fo:table) (No context info available)
2023-07-15 11:00:27 WARN  FOUserAgent:97 - The following feature isn't implemented by Apache FOP, yet: table-layout="auto" (on fo:table) (No context info available)
2023-07-15 11:00:27 WARN  FOUserAgent:97 - The following feature isn't implemented by Apache FOP, yet: table-layout="auto" (on fo:table) (No context info available)
2023-07-15 11:00:27 WARN  FOUserAgent:94 - Font "Symbol,normal,700" not found. Substituting with "Symbol,normal,400".
2023-07-15 11:00:27 WARN  FOUserAgent:94 - Font "ZapfDingbats,normal,700" not found. Substituting with "ZapfDingbats,normal,400".
2023-07-15 11:00:27 INFO  FOUserAgent:83 - Rendered page #1.
2023-07-15 11:04:07 WARN  FOUserAgent:97 - The following feature isn't implemented by Apache FOP, yet: table-layout="auto" (on fo:table) (No context info available)
2023-07-15 11:04:07 WARN  FOUserAgent:97 - The following feature isn't implemented by Apache FOP, yet: table-layout="auto" (on fo:table) (No context info available)
2023-07-15 11:04:07 WARN  FOUserAgent:97 - The following feature isn't implemented by Apache FOP, yet: table-layout="auto" (on fo:table) (No context info available)
2023-07-15 11:04:07 WARN  FOUserAgent:94 - Font "Symbol,normal,700" not found. Substituting with "Symbol,normal,400".
2023-07-15 11:04:07 WARN  FOUserAgent:94 - Font "ZapfDingbats,normal,700" not found. Substituting with "ZapfDingbats,normal,400".
2023-07-15 11:04:07 INFO  FOUserAgent:83 - Rendered page #1.
2023-07-17 08:54:39 WARN  FOUserAgent:97 - The following feature isn't implemented by Apache FOP, yet: table-layout="auto" (on fo:table) (No context info available)
2023-07-17 08:54:39 WARN  FOUserAgent:97 - The following feature isn't implemented by Apache FOP, yet: table-layout="auto" (on fo:table) (No context info available)
2023-07-17 08:54:39 WARN  FOUserAgent:97 - The following feature isn't implemented by Apache FOP, yet: table-layout="auto" (on fo:table) (No context info available)
2023-07-17 08:54:39 WARN  FOUserAgent:94 - Font "Symbol,normal,700" not found. Substituting with "Symbol,normal,400".
2023-07-17 08:54:39 WARN  FOUserAgent:94 - Font "ZapfDingbats,normal,700" not found. Substituting with "ZapfDingbats,normal,400".
2023-07-17 08:54:39 INFO  FOUserAgent:83 - Rendered page #1.
2023-07-17 08:54:50 WARN  FOUserAgent:97 - The following feature isn't implemented by Apache FOP, yet: table-layout="auto" (on fo:table) (No context info available)
2023-07-17 08:54:50 WARN  FOUserAgent:97 - The following feature isn't implemented by Apache FOP, yet: table-layout="auto" (on fo:table) (No context info available)
2023-07-17 08:54:50 WARN  FOUserAgent:97 - The following feature isn't implemented by Apache FOP, yet: table-layout="auto" (on fo:table) (No context info available)
2023-07-17 08:54:50 WARN  FOUserAgent:94 - Font "Symbol,normal,700" not found. Substituting with "Symbol,normal,400".
2023-07-17 08:54:50 WARN  FOUserAgent:94 - Font "ZapfDingbats,normal,700" not found. Substituting with "ZapfDingbats,normal,400".
2023-07-17 08:54:50 INFO  FOUserAgent:83 - Rendered page #1.
2023-07-17 09:03:26 WARN  FOUserAgent:97 - The following feature isn't implemented by Apache FOP, yet: table-layout="auto" (on fo:table) (No context info available)
2023-07-17 09:03:26 WARN  FOUserAgent:97 - The following feature isn't implemented by Apache FOP, yet: table-layout="auto" (on fo:table) (No context info available)
2023-07-17 09:03:26 WARN  FOUserAgent:97 - The following feature isn't implemented by Apache FOP, yet: table-layout="auto" (on fo:table) (No context info available)
2023-07-17 09:03:26 WARN  FOUserAgent:94 - Font "Symbol,normal,700" not found. Substituting with "Symbol,normal,400".
2023-07-17 09:03:26 WARN  FOUserAgent:94 - Font "ZapfDingbats,normal,700" not found. Substituting with "ZapfDingbats,normal,400".
2023-07-17 09:03:26 INFO  FOUserAgent:83 - Rendered page #1.
2023-07-17 09:04:01 WARN  FOUserAgent:97 - The following feature isn't implemented by Apache FOP, yet: table-layout="auto" (on fo:table) (No context info available)
2023-07-17 09:04:01 WARN  FOUserAgent:97 - The following feature isn't implemented by Apache FOP, yet: table-layout="auto" (on fo:table) (No context info available)
2023-07-17 09:04:01 WARN  FOUserAgent:97 - The following feature isn't implemented by Apache FOP, yet: table-layout="auto" (on fo:table) (No context info available)
2023-07-17 09:04:01 WARN  FOUserAgent:94 - Font "Symbol,normal,700" not found. Substituting with "Symbol,normal,400".
2023-07-17 09:04:01 WARN  FOUserAgent:94 - Font "ZapfDingbats,normal,700" not found. Substituting with "ZapfDingbats,normal,400".
2023-07-17 09:04:01 INFO  FOUserAgent:83 - Rendered page #1.
2023-07-17 09:07:33 WARN  FOUserAgent:97 - The following feature isn't implemented by Apache FOP, yet: table-layout="auto" (on fo:table) (No context info available)
2023-07-17 09:07:33 WARN  FOUserAgent:97 - The following feature isn't implemented by Apache FOP, yet: table-layout="auto" (on fo:table) (No context info available)
2023-07-17 09:07:33 WARN  FOUserAgent:97 - The following feature isn't implemented by Apache FOP, yet: table-layout="auto" (on fo:table) (No context info available)
2023-07-17 09:07:33 WARN  FOUserAgent:94 - Font "Symbol,normal,700" not found. Substituting with "Symbol,normal,400".
2023-07-17 09:07:33 WARN  FOUserAgent:94 - Font "ZapfDingbats,normal,700" not found. Substituting with "ZapfDingbats,normal,400".
2023-07-17 09:07:33 INFO  FOUserAgent:83 - Rendered page #1.
2023-07-17 15:18:19 WARN  FOUserAgent:97 - The following feature isn't implemented by Apache FOP, yet: table-layout="auto" (on fo:table) (No context info available)
2023-07-17 15:18:19 WARN  FOUserAgent:97 - The following feature isn't implemented by Apache FOP, yet: table-layout="auto" (on fo:table) (No context info available)
2023-07-17 15:18:19 WARN  FOUserAgent:97 - The following feature isn't implemented by Apache FOP, yet: table-layout="auto" (on fo:table) (No context info available)
2023-07-17 15:18:19 WARN  FOUserAgent:94 - Font "Symbol,normal,700" not found. Substituting with "Symbol,normal,400".
2023-07-17 15:18:19 WARN  FOUserAgent:94 - Font "ZapfDingbats,normal,700" not found. Substituting with "ZapfDingbats,normal,400".
2023-07-17 15:18:19 INFO  FOUserAgent:83 - Rendered page #1.
2023-07-17 16:23:46 WARN  FOUserAgent:97 - The following feature isn't implemented by Apache FOP, yet: table-layout="auto" (on fo:table) (No context info available)
2023-07-17 16:23:46 WARN  FOUserAgent:97 - The following feature isn't implemented by Apache FOP, yet: table-layout="auto" (on fo:table) (No context info available)
2023-07-17 16:23:46 WARN  FOUserAgent:97 - The following feature isn't implemented by Apache FOP, yet: table-layout="auto" (on fo:table) (No context info available)
2023-07-17 16:23:46 WARN  FOUserAgent:94 - Font "Symbol,normal,700" not found. Substituting with "Symbol,normal,400".
2023-07-17 16:23:46 WARN  FOUserAgent:94 - Font "ZapfDingbats,normal,700" not found. Substituting with "ZapfDingbats,normal,400".
2023-07-17 16:23:46 INFO  FOUserAgent:83 - Rendered page #1.
2023-07-19 12:36:33 WARN  FOUserAgent:97 - The following feature isn't implemented by Apache FOP, yet: table-layout="auto" (on fo:table) (No context info available)
2023-07-19 12:36:33 WARN  FOUserAgent:97 - The following feature isn't implemented by Apache FOP, yet: table-layout="auto" (on fo:table) (No context info available)
2023-07-19 12:36:33 WARN  FOUserAgent:97 - The following feature isn't implemented by Apache FOP, yet: table-layout="auto" (on fo:table) (No context info available)
2023-07-19 12:36:33 WARN  FOUserAgent:94 - Font "Symbol,normal,700" not found. Substituting with "Symbol,normal,400".
2023-07-19 12:36:33 WARN  FOUserAgent:94 - Font "ZapfDingbats,normal,700" not found. Substituting with "ZapfDingbats,normal,400".
2023-07-19 12:36:33 INFO  FOUserAgent:83 - Rendered page #1.
2023-07-19 12:36:34 WARN  FOUserAgent:97 - The following feature isn't implemented by Apache FOP, yet: table-layout="auto" (on fo:table) (No context info available)
2023-07-19 12:36:34 WARN  FOUserAgent:97 - The following feature isn't implemented by Apache FOP, yet: table-layout="auto" (on fo:table) (No context info available)
2023-07-19 12:36:34 WARN  FOUserAgent:97 - The following feature isn't implemented by Apache FOP, yet: table-layout="auto" (on fo:table) (No context info available)
2023-07-19 12:36:34 WARN  FOUserAgent:94 - Font "Symbol,normal,700" not found. Substituting with "Symbol,normal,400".
2023-07-19 12:36:34 WARN  FOUserAgent:94 - Font "ZapfDingbats,normal,700" not found. Substituting with "ZapfDingbats,normal,400".
2023-07-19 12:36:34 INFO  FOUserAgent:83 - Rendered page #1.
2023-07-19 12:36:36 WARN  FOUserAgent:97 - The following feature isn't implemented by Apache FOP, yet: table-layout="auto" (on fo:table) (No context info available)
2023-07-19 12:36:36 WARN  FOUserAgent:97 - The following feature isn't implemented by Apache FOP, yet: table-layout="auto" (on fo:table) (No context info available)
2023-07-19 12:36:36 WARN  FOUserAgent:97 - The following feature isn't implemented by Apache FOP, yet: table-layout="auto" (on fo:table) (No context info available)
2023-07-19 12:36:36 WARN  FOUserAgent:94 - Font "Symbol,normal,700" not found. Substituting with "Symbol,normal,400".
2023-07-19 12:36:36 WARN  FOUserAgent:94 - Font "ZapfDingbats,normal,700" not found. Substituting with "ZapfDingbats,normal,400".
2023-07-19 12:36:36 INFO  FOUserAgent:83 - Rendered page #1.
2023-07-19 12:36:37 WARN  FOUserAgent:97 - The following feature isn't implemented by Apache FOP, yet: table-layout="auto" (on fo:table) (No context info available)
2023-07-19 12:36:37 WARN  FOUserAgent:97 - The following feature isn't implemented by Apache FOP, yet: table-layout="auto" (on fo:table) (No context info available)
2023-07-19 12:36:38 WARN  FOUserAgent:97 - The following feature isn't implemented by Apache FOP, yet: table-layout="auto" (on fo:table) (No context info available)
2023-07-19 12:36:38 WARN  FOUserAgent:94 - Font "Symbol,normal,700" not found. Substituting with "Symbol,normal,400".
2023-07-19 12:36:38 WARN  FOUserAgent:94 - Font "ZapfDingbats,normal,700" not found. Substituting with "ZapfDingbats,normal,400".
2023-07-19 12:36:38 INFO  FOUserAgent:83 - Rendered page #1.
2023-07-21 14:36:21 WARN  FOUserAgent:97 - The following feature isn't implemented by Apache FOP, yet: table-layout="auto" (on fo:table) (No context info available)
2023-07-21 14:36:21 WARN  FOUserAgent:97 - The following feature isn't implemented by Apache FOP, yet: table-layout="auto" (on fo:table) (No context info available)
2023-07-21 14:36:21 WARN  FOUserAgent:97 - The following feature isn't implemented by Apache FOP, yet: table-layout="auto" (on fo:table) (No context info available)
2023-07-21 14:36:21 WARN  FOUserAgent:94 - Font "Symbol,normal,700" not found. Substituting with "Symbol,normal,400".
2023-07-21 14:36:21 WARN  FOUserAgent:94 - Font "ZapfDingbats,normal,700" not found. Substituting with "ZapfDingbats,normal,400".
2023-07-21 14:36:21 INFO  FOUserAgent:83 - Rendered page #1.
2023-07-21 14:39:53 WARN  FOUserAgent:97 - The following feature isn't implemented by Apache FOP, yet: table-layout="auto" (on fo:table) (No context info available)
2023-07-21 14:39:53 WARN  FOUserAgent:97 - The following feature isn't implemented by Apache FOP, yet: table-layout="auto" (on fo:table) (No context info available)
2023-07-21 14:39:54 WARN  FOUserAgent:97 - The following feature isn't implemented by Apache FOP, yet: table-layout="auto" (on fo:table) (No context info available)
2023-07-21 14:39:54 WARN  FOUserAgent:94 - Font "Symbol,normal,700" not found. Substituting with "Symbol,normal,400".
2023-07-21 14:39:54 WARN  FOUserAgent:94 - Font "ZapfDingbats,normal,700" not found. Substituting with "ZapfDingbats,normal,400".
2023-07-21 14:39:54 INFO  FOUserAgent:83 - Rendered page #1.
2023-07-21 14:40:13 WARN  FOUserAgent:97 - The following feature isn't implemented by Apache FOP, yet: table-layout="auto" (on fo:table) (No context info available)
2023-07-21 14:40:13 WARN  FOUserAgent:97 - The following feature isn't implemented by Apache FOP, yet: table-layout="auto" (on fo:table) (No context info available)
2023-07-21 14:40:13 WARN  FOUserAgent:97 - The following feature isn't implemented by Apache FOP, yet: table-layout="auto" (on fo:table) (No context info available)
2023-07-21 14:40:13 WARN  FOUserAgent:94 - Font "Symbol,normal,700" not found. Substituting with "Symbol,normal,400".
2023-07-21 14:40:13 WARN  FOUserAgent:94 - Font "ZapfDingbats,normal,700" not found. Substituting with "ZapfDingbats,normal,400".
2023-07-21 14:40:13 INFO  FOUserAgent:83 - Rendered page #1.
2023-07-21 14:40:22 WARN  FOUserAgent:97 - The following feature isn't implemented by Apache FOP, yet: table-layout="auto" (on fo:table) (No context info available)
2023-07-21 14:40:23 WARN  FOUserAgent:97 - The following feature isn't implemented by Apache FOP, yet: table-layout="auto" (on fo:table) (No context info available)
2023-07-21 14:40:23 WARN  FOUserAgent:97 - The following feature isn't implemented by Apache FOP, yet: table-layout="auto" (on fo:table) (No context info available)
2023-07-21 14:40:23 WARN  FOUserAgent:94 - Font "Symbol,normal,700" not found. Substituting with "Symbol,normal,400".
2023-07-21 14:40:23 WARN  FOUserAgent:94 - Font "ZapfDingbats,normal,700" not found. Substituting with "ZapfDingbats,normal,400".
2023-07-21 14:40:23 INFO  FOUserAgent:83 - Rendered page #1.
2023-07-21 14:40:24 WARN  FOUserAgent:97 - The following feature isn't implemented by Apache FOP, yet: table-layout="auto" (on fo:table) (No context info available)
2023-07-21 14:40:24 WARN  FOUserAgent:97 - The following feature isn't implemented by Apache FOP, yet: table-layout="auto" (on fo:table) (No context info available)
2023-07-21 14:40:24 WARN  FOUserAgent:97 - The following feature isn't implemented by Apache FOP, yet: table-layout="auto" (on fo:table) (No context info available)
2023-07-21 14:40:24 WARN  FOUserAgent:94 - Font "Symbol,normal,700" not found. Substituting with "Symbol,normal,400".
2023-07-21 14:40:24 WARN  FOUserAgent:94 - Font "ZapfDingbats,normal,700" not found. Substituting with "ZapfDingbats,normal,400".
2023-07-21 14:40:24 INFO  FOUserAgent:83 - Rendered page #1.
2023-07-21 14:40:27 WARN  FOUserAgent:97 - The following feature isn't implemented by Apache FOP, yet: table-layout="auto" (on fo:table) (No context info available)
2023-07-21 14:40:27 WARN  FOUserAgent:97 - The following feature isn't implemented by Apache FOP, yet: table-layout="auto" (on fo:table) (No context info available)
2023-07-21 14:40:27 WARN  FOUserAgent:97 - The following feature isn't implemented by Apache FOP, yet: table-layout="auto" (on fo:table) (No context info available)
2023-07-21 14:40:27 WARN  FOUserAgent:94 - Font "Symbol,normal,700" not found. Substituting with "Symbol,normal,400".
2023-07-21 14:40:27 WARN  FOUserAgent:94 - Font "ZapfDingbats,normal,700" not found. Substituting with "ZapfDingbats,normal,400".
2023-07-21 14:40:27 INFO  FOUserAgent:83 - Rendered page #1.
2023-07-24 13:45:08 WARN  FOUserAgent:97 - The following feature isn't implemented by Apache FOP, yet: table-layout="auto" (on fo:table) (No context info available)
2023-07-24 13:45:08 WARN  FOUserAgent:97 - The following feature isn't implemented by Apache FOP, yet: table-layout="auto" (on fo:table) (No context info available)
2023-07-24 13:45:08 WARN  FOUserAgent:97 - The following feature isn't implemented by Apache FOP, yet: table-layout="auto" (on fo:table) (No context info available)
2023-07-24 13:45:08 WARN  FOUserAgent:94 - Font "Symbol,normal,700" not found. Substituting with "Symbol,normal,400".
2023-07-24 13:45:08 WARN  FOUserAgent:94 - Font "ZapfDingbats,normal,700" not found. Substituting with "ZapfDingbats,normal,400".
2023-07-24 13:45:08 INFO  FOUserAgent:83 - Rendered page #1.
2023-07-24 13:46:45 WARN  FOUserAgent:97 - The following feature isn't implemented by Apache FOP, yet: table-layout="auto" (on fo:table) (No context info available)
2023-07-24 13:46:45 WARN  FOUserAgent:97 - The following feature isn't implemented by Apache FOP, yet: table-layout="auto" (on fo:table) (No context info available)
2023-07-24 13:46:45 WARN  FOUserAgent:97 - The following feature isn't implemented by Apache FOP, yet: table-layout="auto" (on fo:table) (No context info available)
2023-07-24 13:46:45 WARN  FOUserAgent:94 - Font "Symbol,normal,700" not found. Substituting with "Symbol,normal,400".
2023-07-24 13:46:45 WARN  FOUserAgent:94 - Font "ZapfDingbats,normal,700" not found. Substituting with "ZapfDingbats,normal,400".
2023-07-24 13:46:45 INFO  FOUserAgent:83 - Rendered page #1.
2023-07-24 13:51:49 WARN  FOUserAgent:97 - The following feature isn't implemented by Apache FOP, yet: table-layout="auto" (on fo:table) (No context info available)
2023-07-24 13:51:49 WARN  FOUserAgent:97 - The following feature isn't implemented by Apache FOP, yet: table-layout="auto" (on fo:table) (No context info available)
2023-07-24 13:51:49 WARN  FOUserAgent:97 - The following feature isn't implemented by Apache FOP, yet: table-layout="auto" (on fo:table) (No context info available)
2023-07-24 13:51:49 WARN  FOUserAgent:94 - Font "Symbol,normal,700" not found. Substituting with "Symbol,normal,400".
2023-07-24 13:51:49 WARN  FOUserAgent:94 - Font "ZapfDingbats,normal,700" not found. Substituting with "ZapfDingbats,normal,400".
2023-07-24 13:51:49 INFO  FOUserAgent:83 - Rendered page #1.
2023-07-24 13:54:31 WARN  FOUserAgent:97 - The following feature isn't implemented by Apache FOP, yet: table-layout="auto" (on fo:table) (No context info available)
2023-07-24 13:54:31 WARN  FOUserAgent:97 - The following feature isn't implemented by Apache FOP, yet: table-layout="auto" (on fo:table) (No context info available)
2023-07-24 13:54:31 WARN  FOUserAgent:97 - The following feature isn't implemented by Apache FOP, yet: table-layout="auto" (on fo:table) (No context info available)
2023-07-24 13:54:31 WARN  FOUserAgent:94 - Font "Symbol,normal,700" not found. Substituting with "Symbol,normal,400".
2023-07-24 13:54:31 WARN  FOUserAgent:94 - Font "ZapfDingbats,normal,700" not found. Substituting with "ZapfDingbats,normal,400".
2023-07-24 13:54:31 INFO  FOUserAgent:83 - Rendered page #1.
2023-07-24 14:00:10 WARN  FOUserAgent:97 - The following feature isn't implemented by Apache FOP, yet: table-layout="auto" (on fo:table) (No context info available)
2023-07-24 14:00:10 WARN  FOUserAgent:97 - The following feature isn't implemented by Apache FOP, yet: table-layout="auto" (on fo:table) (No context info available)
2023-07-24 14:00:10 WARN  FOUserAgent:97 - The following feature isn't implemented by Apache FOP, yet: table-layout="auto" (on fo:table) (No context info available)
2023-07-24 14:00:10 WARN  FOUserAgent:94 - Font "Symbol,normal,700" not found. Substituting with "Symbol,normal,400".
2023-07-24 14:00:10 WARN  FOUserAgent:94 - Font "ZapfDingbats,normal,700" not found. Substituting with "ZapfDingbats,normal,400".
2023-07-24 14:00:10 INFO  FOUserAgent:83 - Rendered page #1.
2023-07-24 14:00:23 WARN  FOUserAgent:97 - The following feature isn't implemented by Apache FOP, yet: table-layout="auto" (on fo:table) (No context info available)
2023-07-24 14:00:23 WARN  FOUserAgent:97 - The following feature isn't implemented by Apache FOP, yet: table-layout="auto" (on fo:table) (No context info available)
2023-07-24 14:00:23 WARN  FOUserAgent:97 - The following feature isn't implemented by Apache FOP, yet: table-layout="auto" (on fo:table) (No context info available)
2023-07-24 14:00:23 WARN  FOUserAgent:94 - Font "Symbol,normal,700" not found. Substituting with "Symbol,normal,400".
2023-07-24 14:00:23 WARN  FOUserAgent:94 - Font "ZapfDingbats,normal,700" not found. Substituting with "ZapfDingbats,normal,400".
2023-07-24 14:00:23 INFO  FOUserAgent:83 - Rendered page #1.
2023-07-24 14:03:18 WARN  FOUserAgent:97 - The following feature isn't implemented by Apache FOP, yet: table-layout="auto" (on fo:table) (No context info available)
2023-07-24 14:03:18 WARN  FOUserAgent:97 - The following feature isn't implemented by Apache FOP, yet: table-layout="auto" (on fo:table) (No context info available)
2023-07-24 14:03:18 WARN  FOUserAgent:97 - The following feature isn't implemented by Apache FOP, yet: table-layout="auto" (on fo:table) (No context info available)
2023-07-24 14:03:18 WARN  FOUserAgent:94 - Font "Symbol,normal,700" not found. Substituting with "Symbol,normal,400".
2023-07-24 14:03:18 WARN  FOUserAgent:94 - Font "ZapfDingbats,normal,700" not found. Substituting with "ZapfDingbats,normal,400".
2023-07-24 14:03:18 INFO  FOUserAgent:83 - Rendered page #1.
2023-07-24 14:03:45 WARN  FOUserAgent:97 - The following feature isn't implemented by Apache FOP, yet: table-layout="auto" (on fo:table) (No context info available)
2023-07-24 14:03:45 WARN  FOUserAgent:97 - The following feature isn't implemented by Apache FOP, yet: table-layout="auto" (on fo:table) (No context info available)
2023-07-24 14:03:45 WARN  FOUserAgent:97 - The following feature isn't implemented by Apache FOP, yet: table-layout="auto" (on fo:table) (No context info available)
2023-07-24 14:03:45 WARN  FOUserAgent:94 - Font "Symbol,normal,700" not found. Substituting with "Symbol,normal,400".
2023-07-24 14:03:45 WARN  FOUserAgent:94 - Font "ZapfDingbats,normal,700" not found. Substituting with "ZapfDingbats,normal,400".
2023-07-24 14:03:45 INFO  FOUserAgent:83 - Rendered page #1.
2023-07-24 14:04:18 WARN  FOUserAgent:97 - The following feature isn't implemented by Apache FOP, yet: table-layout="auto" (on fo:table) (No context info available)
2023-07-24 14:04:18 WARN  FOUserAgent:97 - The following feature isn't implemented by Apache FOP, yet: table-layout="auto" (on fo:table) (No context info available)
2023-07-24 14:04:18 WARN  FOUserAgent:97 - The following feature isn't implemented by Apache FOP, yet: table-layout="auto" (on fo:table) (No context info available)
2023-07-24 14:04:18 WARN  FOUserAgent:94 - Font "Symbol,normal,700" not found. Substituting with "Symbol,normal,400".
2023-07-24 14:04:19 WARN  FOUserAgent:94 - Font "ZapfDingbats,normal,700" not found. Substituting with "ZapfDingbats,normal,400".
2023-07-24 14:04:19 INFO  FOUserAgent:83 - Rendered page #1.
2023-07-24 14:05:26 WARN  FOUserAgent:97 - The following feature isn't implemented by Apache FOP, yet: table-layout="auto" (on fo:table) (No context info available)
2023-07-24 14:05:26 WARN  FOUserAgent:97 - The following feature isn't implemented by Apache FOP, yet: table-layout="auto" (on fo:table) (No context info available)
2023-07-24 14:05:26 WARN  FOUserAgent:97 - The following feature isn't implemented by Apache FOP, yet: table-layout="auto" (on fo:table) (No context info available)
2023-07-24 14:05:26 WARN  FOUserAgent:94 - Font "Symbol,normal,700" not found. Substituting with "Symbol,normal,400".
2023-07-24 14:05:26 WARN  FOUserAgent:94 - Font "ZapfDingbats,normal,700" not found. Substituting with "ZapfDingbats,normal,400".
2023-07-24 14:05:26 INFO  FOUserAgent:83 - Rendered page #1.
2023-07-24 14:17:06 WARN  FOUserAgent:97 - The following feature isn't implemented by Apache FOP, yet: table-layout="auto" (on fo:table) (No context info available)
2023-07-24 14:17:06 WARN  FOUserAgent:97 - The following feature isn't implemented by Apache FOP, yet: table-layout="auto" (on fo:table) (No context info available)
2023-07-24 14:17:06 WARN  FOUserAgent:97 - The following feature isn't implemented by Apache FOP, yet: table-layout="auto" (on fo:table) (No context info available)
2023-07-24 14:17:06 WARN  FOUserAgent:94 - Font "Symbol,normal,700" not found. Substituting with "Symbol,normal,400".
2023-07-24 14:17:06 WARN  FOUserAgent:94 - Font "ZapfDingbats,normal,700" not found. Substituting with "ZapfDingbats,normal,400".
2023-07-24 14:17:06 INFO  FOUserAgent:83 - Rendered page #1.
2023-07-24 14:35:59 WARN  FOUserAgent:97 - The following feature isn't implemented by Apache FOP, yet: table-layout="auto" (on fo:table) (No context info available)
2023-07-24 14:35:59 WARN  FOUserAgent:97 - The following feature isn't implemented by Apache FOP, yet: table-layout="auto" (on fo:table) (No context info available)
2023-07-24 14:35:59 WARN  FOUserAgent:97 - The following feature isn't implemented by Apache FOP, yet: table-layout="auto" (on fo:table) (No context info available)
2023-07-24 14:35:59 WARN  FOUserAgent:94 - Font "Symbol,normal,700" not found. Substituting with "Symbol,normal,400".
2023-07-24 14:35:59 WARN  FOUserAgent:94 - Font "ZapfDingbats,normal,700" not found. Substituting with "ZapfDingbats,normal,400".
2023-07-24 14:35:59 INFO  FOUserAgent:83 - Rendered page #1.
2023-07-24 14:39:54 WARN  FOUserAgent:97 - The following feature isn't implemented by Apache FOP, yet: table-layout="auto" (on fo:table) (No context info available)
2023-07-24 14:39:54 WARN  FOUserAgent:97 - The following feature isn't implemented by Apache FOP, yet: table-layout="auto" (on fo:table) (No context info available)
2023-07-24 14:39:54 WARN  FOUserAgent:97 - The following feature isn't implemented by Apache FOP, yet: table-layout="auto" (on fo:table) (No context info available)
2023-07-24 14:39:54 WARN  FOUserAgent:94 - Font "Symbol,normal,700" not found. Substituting with "Symbol,normal,400".
2023-07-24 14:39:54 WARN  FOUserAgent:94 - Font "ZapfDingbats,normal,700" not found. Substituting with "ZapfDingbats,normal,400".
2023-07-24 14:39:54 INFO  FOUserAgent:83 - Rendered page #1.
2023-07-26 10:33:40 WARN  FOUserAgent:97 - The following feature isn't implemented by Apache FOP, yet: table-layout="auto" (on fo:table) (No context info available)
2023-07-26 10:33:40 WARN  FOUserAgent:97 - The following feature isn't implemented by Apache FOP, yet: table-layout="auto" (on fo:table) (No context info available)
2023-07-26 10:33:40 WARN  FOUserAgent:97 - The following feature isn't implemented by Apache FOP, yet: table-layout="auto" (on fo:table) (No context info available)
2023-07-26 10:33:40 WARN  FOUserAgent:94 - Font "Symbol,normal,700" not found. Substituting with "Symbol,normal,400".
2023-07-26 10:33:40 WARN  FOUserAgent:94 - Font "ZapfDingbats,normal,700" not found. Substituting with "ZapfDingbats,normal,400".
2023-07-26 10:33:40 WARN  FOUserAgent:97 - The contents of fo:region-before on page 1 exceed the available area in the block-progression direction by 43200 millipoints. (No context info available)
2023-07-26 10:33:40 INFO  FOUserAgent:83 - Rendered page #1.
2023-07-26 10:45:45 WARN  FOUserAgent:97 - The following feature isn't implemented by Apache FOP, yet: table-layout="auto" (on fo:table) (No context info available)
2023-07-26 10:45:45 WARN  FOUserAgent:97 - The following feature isn't implemented by Apache FOP, yet: table-layout="auto" (on fo:table) (No context info available)
2023-07-26 10:45:45 WARN  FOUserAgent:97 - The following feature isn't implemented by Apache FOP, yet: table-layout="auto" (on fo:table) (No context info available)
2023-07-26 10:45:45 WARN  FOUserAgent:94 - Font "Symbol,normal,700" not found. Substituting with "Symbol,normal,400".
2023-07-26 10:45:45 WARN  FOUserAgent:94 - Font "ZapfDingbats,normal,700" not found. Substituting with "ZapfDingbats,normal,400".
2023-07-26 10:45:45 WARN  FOUserAgent:97 - The contents of fo:region-before on page 1 exceed the available area in the block-progression direction by 28800 millipoints. (No context info available)
2023-07-26 10:45:45 INFO  FOUserAgent:83 - Rendered page #1.
2023-07-26 11:35:46 WARN  FOUserAgent:97 - The following feature isn't implemented by Apache FOP, yet: table-layout="auto" (on fo:table) (No context info available)
2023-07-26 11:35:46 WARN  FOUserAgent:97 - The following feature isn't implemented by Apache FOP, yet: table-layout="auto" (on fo:table) (No context info available)
2023-07-26 11:35:46 WARN  FOUserAgent:97 - The following feature isn't implemented by Apache FOP, yet: table-layout="auto" (on fo:table) (No context info available)
2023-07-26 11:35:46 WARN  FOUserAgent:94 - Font "Symbol,normal,700" not found. Substituting with "Symbol,normal,400".
2023-07-26 11:35:46 WARN  FOUserAgent:94 - Font "ZapfDingbats,normal,700" not found. Substituting with "ZapfDingbats,normal,400".
2023-07-26 11:35:46 WARN  FOUserAgent:97 - The contents of fo:region-before on page 1 exceed the available area in the block-progression direction by 28800 millipoints. (No context info available)
2023-07-26 11:35:46 INFO  FOUserAgent:83 - Rendered page #1.
2023-07-31 12:10:11 WARN  FOUserAgent:97 - The following feature isn't implemented by Apache FOP, yet: table-layout="auto" (on fo:table) (No context info available)
2023-07-31 12:10:11 WARN  FOUserAgent:97 - The following feature isn't implemented by Apache FOP, yet: table-layout="auto" (on fo:table) (No context info available)
2023-07-31 12:10:11 WARN  FOUserAgent:97 - The following feature isn't implemented by Apache FOP, yet: table-layout="auto" (on fo:table) (No context info available)
2023-07-31 12:10:11 WARN  FOUserAgent:94 - Font "Symbol,normal,700" not found. Substituting with "Symbol,normal,400".
2023-07-31 12:10:11 WARN  FOUserAgent:94 - Font "ZapfDingbats,normal,700" not found. Substituting with "ZapfDingbats,normal,400".
2023-07-31 12:10:11 WARN  FOUserAgent:97 - The contents of fo:region-before on page 1 exceed the available area in the block-progression direction by 28800 millipoints. (No context info available)
2023-07-31 12:10:11 INFO  FOUserAgent:83 - Rendered page #1.
2023-07-31 12:12:08 WARN  FOUserAgent:97 - The following feature isn't implemented by Apache FOP, yet: table-layout="auto" (on fo:table) (No context info available)
2023-07-31 12:12:08 WARN  FOUserAgent:97 - The following feature isn't implemented by Apache FOP, yet: table-layout="auto" (on fo:table) (No context info available)
2023-07-31 12:12:08 WARN  FOUserAgent:97 - The following feature isn't implemented by Apache FOP, yet: table-layout="auto" (on fo:table) (No context info available)
2023-07-31 12:12:08 WARN  FOUserAgent:94 - Font "Symbol,normal,700" not found. Substituting with "Symbol,normal,400".
2023-07-31 12:12:08 WARN  FOUserAgent:94 - Font "ZapfDingbats,normal,700" not found. Substituting with "ZapfDingbats,normal,400".
2023-07-31 12:12:08 WARN  FOUserAgent:97 - The contents of fo:region-before on page 1 exceed the available area in the block-progression direction by 28800 millipoints. (No context info available)
2023-07-31 12:12:08 INFO  FOUserAgent:83 - Rendered page #1.
2023-08-02 10:40:38 WARN  FOUserAgent:97 - The following feature isn't implemented by Apache FOP, yet: table-layout="auto" (on fo:table) (No context info available)
2023-08-02 10:40:38 WARN  FOUserAgent:97 - The following feature isn't implemented by Apache FOP, yet: table-layout="auto" (on fo:table) (No context info available)
2023-08-02 10:40:38 WARN  FOUserAgent:97 - The following feature isn't implemented by Apache FOP, yet: table-layout="auto" (on fo:table) (No context info available)
2023-08-02 10:40:38 WARN  FOUserAgent:94 - Font "Symbol,normal,700" not found. Substituting with "Symbol,normal,400".
2023-08-02 10:40:38 WARN  FOUserAgent:94 - Font "ZapfDingbats,normal,700" not found. Substituting with "ZapfDingbats,normal,400".
2023-08-02 10:40:38 WARN  FOUserAgent:97 - The contents of fo:region-before on page 1 exceed the available area in the block-progression direction by 28800 millipoints. (No context info available)
2023-08-02 10:40:38 INFO  FOUserAgent:83 - Rendered page #1.
2023-08-02 10:42:09 WARN  FOUserAgent:97 - The following feature isn't implemented by Apache FOP, yet: table-layout="auto" (on fo:table) (No context info available)
2023-08-02 10:42:09 WARN  FOUserAgent:97 - The following feature isn't implemented by Apache FOP, yet: table-layout="auto" (on fo:table) (No context info available)
2023-08-02 10:42:09 WARN  FOUserAgent:97 - The following feature isn't implemented by Apache FOP, yet: table-layout="auto" (on fo:table) (No context info available)
2023-08-02 10:42:09 WARN  FOUserAgent:94 - Font "Symbol,normal,700" not found. Substituting with "Symbol,normal,400".
2023-08-02 10:42:09 WARN  FOUserAgent:94 - Font "ZapfDingbats,normal,700" not found. Substituting with "ZapfDingbats,normal,400".
2023-08-02 10:42:09 WARN  FOUserAgent:97 - The contents of fo:region-before on page 1 exceed the available area in the block-progression direction by 28800 millipoints. (No context info available)
2023-08-02 10:42:09 INFO  FOUserAgent:83 - Rendered page #1.
2023-08-02 13:50:25 WARN  FOUserAgent:97 - The following feature isn't implemented by Apache FOP, yet: table-layout="auto" (on fo:table) (No context info available)
2023-08-02 13:50:25 WARN  FOUserAgent:97 - The following feature isn't implemented by Apache FOP, yet: table-layout="auto" (on fo:table) (No context info available)
2023-08-02 13:50:25 WARN  FOUserAgent:97 - The following feature isn't implemented by Apache FOP, yet: table-layout="auto" (on fo:table) (No context info available)
2023-08-02 13:50:25 WARN  FOUserAgent:94 - Font "Symbol,normal,700" not found. Substituting with "Symbol,normal,400".
2023-08-02 13:50:25 WARN  FOUserAgent:94 - Font "ZapfDingbats,normal,700" not found. Substituting with "ZapfDingbats,normal,400".
2023-08-02 13:50:25 WARN  FOUserAgent:97 - The contents of fo:region-before on page 1 exceed the available area in the block-progression direction by 28800 millipoints. (No context info available)
2023-08-02 13:50:25 INFO  FOUserAgent:83 - Rendered page #1.
2023-08-02 13:51:18 WARN  FOUserAgent:97 - The following feature isn't implemented by Apache FOP, yet: table-layout="auto" (on fo:table) (No context info available)
2023-08-02 13:51:18 WARN  FOUserAgent:97 - The following feature isn't implemented by Apache FOP, yet: table-layout="auto" (on fo:table) (No context info available)
2023-08-02 13:51:18 WARN  FOUserAgent:97 - The following feature isn't implemented by Apache FOP, yet: table-layout="auto" (on fo:table) (No context info available)
2023-08-02 13:51:18 WARN  FOUserAgent:94 - Font "Symbol,normal,700" not found. Substituting with "Symbol,normal,400".
2023-08-02 13:51:18 WARN  FOUserAgent:94 - Font "ZapfDingbats,normal,700" not found. Substituting with "ZapfDingbats,normal,400".
2023-08-02 13:51:18 WARN  FOUserAgent:97 - The contents of fo:region-before on page 1 exceed the available area in the block-progression direction by 28800 millipoints. (No context info available)
2023-08-02 13:51:18 INFO  FOUserAgent:83 - Rendered page #1.
2023-08-02 13:52:27 WARN  FOUserAgent:97 - The following feature isn't implemented by Apache FOP, yet: table-layout="auto" (on fo:table) (No context info available)
2023-08-02 13:52:27 WARN  FOUserAgent:97 - The following feature isn't implemented by Apache FOP, yet: table-layout="auto" (on fo:table) (No context info available)
2023-08-02 13:52:27 WARN  FOUserAgent:97 - The following feature isn't implemented by Apache FOP, yet: table-layout="auto" (on fo:table) (No context info available)
2023-08-02 13:52:27 WARN  FOUserAgent:94 - Font "Symbol,normal,700" not found. Substituting with "Symbol,normal,400".
2023-08-02 13:52:27 WARN  FOUserAgent:94 - Font "ZapfDingbats,normal,700" not found. Substituting with "ZapfDingbats,normal,400".
2023-08-02 13:52:27 WARN  FOUserAgent:97 - The contents of fo:region-before on page 1 exceed the available area in the block-progression direction by 28800 millipoints. (No context info available)
2023-08-02 13:52:27 INFO  FOUserAgent:83 - Rendered page #1.
2023-08-02 13:53:25 WARN  FOUserAgent:97 - The following feature isn't implemented by Apache FOP, yet: table-layout="auto" (on fo:table) (No context info available)
2023-08-02 13:53:25 WARN  FOUserAgent:97 - The following feature isn't implemented by Apache FOP, yet: table-layout="auto" (on fo:table) (No context info available)
2023-08-02 13:53:25 WARN  FOUserAgent:97 - The following feature isn't implemented by Apache FOP, yet: table-layout="auto" (on fo:table) (No context info available)
2023-08-02 13:53:25 WARN  FOUserAgent:94 - Font "Symbol,normal,700" not found. Substituting with "Symbol,normal,400".
2023-08-02 13:53:25 WARN  FOUserAgent:94 - Font "ZapfDingbats,normal,700" not found. Substituting with "ZapfDingbats,normal,400".
2023-08-02 13:53:25 WARN  FOUserAgent:97 - The contents of fo:region-before on page 1 exceed the available area in the block-progression direction by 28800 millipoints. (No context info available)
2023-08-02 13:53:25 INFO  FOUserAgent:83 - Rendered page #1.
2023-08-02 17:36:47 WARN  FOUserAgent:97 - The following feature isn't implemented by Apache FOP, yet: table-layout="auto" (on fo:table) (No context info available)
2023-08-02 17:36:47 WARN  FOUserAgent:97 - The following feature isn't implemented by Apache FOP, yet: table-layout="auto" (on fo:table) (No context info available)
2023-08-02 17:36:47 WARN  FOUserAgent:97 - The following feature isn't implemented by Apache FOP, yet: table-layout="auto" (on fo:table) (No context info available)
2023-08-02 17:36:47 WARN  FOUserAgent:94 - Font "Symbol,normal,700" not found. Substituting with "Symbol,normal,400".
2023-08-02 17:36:47 WARN  FOUserAgent:94 - Font "ZapfDingbats,normal,700" not found. Substituting with "ZapfDingbats,normal,400".
2023-08-02 17:36:47 WARN  FOUserAgent:97 - The contents of fo:region-before on page 1 exceed the available area in the block-progression direction by 28800 millipoints. (No context info available)
2023-08-02 17:36:47 INFO  FOUserAgent:83 - Rendered page #1.
2023-08-02 20:15:45 WARN  FOUserAgent:97 - The following feature isn't implemented by Apache FOP, yet: table-layout="auto" (on fo:table) (No context info available)
2023-08-02 20:15:45 WARN  FOUserAgent:97 - The following feature isn't implemented by Apache FOP, yet: table-layout="auto" (on fo:table) (No context info available)
2023-08-02 20:15:45 WARN  FOUserAgent:97 - The following feature isn't implemented by Apache FOP, yet: table-layout="auto" (on fo:table) (No context info available)
2023-08-02 20:15:45 WARN  FOUserAgent:94 - Font "Symbol,normal,700" not found. Substituting with "Symbol,normal,400".
2023-08-02 20:15:45 WARN  FOUserAgent:94 - Font "ZapfDingbats,normal,700" not found. Substituting with "ZapfDingbats,normal,400".
2023-08-02 20:15:45 WARN  FOUserAgent:97 - The contents of fo:region-before on page 1 exceed the available area in the block-progression direction by 28800 millipoints. (No context info available)
2023-08-02 20:15:45 INFO  FOUserAgent:83 - Rendered page #1.
2023-08-02 20:16:27 WARN  FOUserAgent:97 - The following feature isn't implemented by Apache FOP, yet: table-layout="auto" (on fo:table) (No context info available)
2023-08-02 20:16:27 WARN  FOUserAgent:97 - The following feature isn't implemented by Apache FOP, yet: table-layout="auto" (on fo:table) (No context info available)
2023-08-02 20:16:27 WARN  FOUserAgent:97 - The following feature isn't implemented by Apache FOP, yet: table-layout="auto" (on fo:table) (No context info available)
2023-08-02 20:16:27 WARN  FOUserAgent:94 - Font "Symbol,normal,700" not found. Substituting with "Symbol,normal,400".
2023-08-02 20:16:27 WARN  FOUserAgent:94 - Font "ZapfDingbats,normal,700" not found. Substituting with "ZapfDingbats,normal,400".
2023-08-02 20:16:27 WARN  FOUserAgent:97 - The contents of fo:region-before on page 1 exceed the available area in the block-progression direction by 28800 millipoints. (No context info available)
2023-08-02 20:16:27 INFO  FOUserAgent:83 - Rendered page #1.
2023-08-02 20:30:34 WARN  FOUserAgent:97 - The following feature isn't implemented by Apache FOP, yet: table-layout="auto" (on fo:table) (No context info available)
2023-08-02 20:30:34 WARN  FOUserAgent:97 - The following feature isn't implemented by Apache FOP, yet: table-layout="auto" (on fo:table) (No context info available)
2023-08-02 20:30:34 WARN  FOUserAgent:97 - The following feature isn't implemented by Apache FOP, yet: table-layout="auto" (on fo:table) (No context info available)
2023-08-02 20:30:34 WARN  FOUserAgent:94 - Font "Symbol,normal,700" not found. Substituting with "Symbol,normal,400".
2023-08-02 20:30:34 WARN  FOUserAgent:94 - Font "ZapfDingbats,normal,700" not found. Substituting with "ZapfDingbats,normal,400".
2023-08-02 20:30:34 WARN  FOUserAgent:97 - The contents of fo:region-before on page 1 exceed the available area in the block-progression direction by 28800 millipoints. (No context info available)
2023-08-02 20:30:34 INFO  FOUserAgent:83 - Rendered page #1.
2023-08-06 08:48:37 WARN  FOUserAgent:97 - The following feature isn't implemented by Apache FOP, yet: table-layout="auto" (on fo:table) (No context info available)
2023-08-06 08:48:37 WARN  FOUserAgent:97 - The following feature isn't implemented by Apache FOP, yet: table-layout="auto" (on fo:table) (No context info available)
2023-08-06 08:48:37 WARN  FOUserAgent:97 - The following feature isn't implemented by Apache FOP, yet: table-layout="auto" (on fo:table) (No context info available)
2023-08-06 08:48:37 WARN  FOUserAgent:94 - Font "Symbol,normal,700" not found. Substituting with "Symbol,normal,400".
2023-08-06 08:48:37 WARN  FOUserAgent:94 - Font "ZapfDingbats,normal,700" not found. Substituting with "ZapfDingbats,normal,400".
2023-08-06 08:48:37 WARN  FOUserAgent:97 - The contents of fo:region-before on page 1 exceed the available area in the block-progression direction by 28800 millipoints. (No context info available)
2023-08-06 08:48:37 INFO  FOUserAgent:83 - Rendered page #1.
2023-08-06 09:04:02 WARN  FOUserAgent:97 - The following feature isn't implemented by Apache FOP, yet: table-layout="auto" (on fo:table) (No context info available)
2023-08-06 09:04:02 WARN  FOUserAgent:97 - The following feature isn't implemented by Apache FOP, yet: table-layout="auto" (on fo:table) (No context info available)
2023-08-06 09:04:02 WARN  FOUserAgent:97 - The following feature isn't implemented by Apache FOP, yet: table-layout="auto" (on fo:table) (No context info available)
2023-08-06 09:04:02 WARN  FOUserAgent:97 - Invalid property value encountered in border="" (No context info available)
2023-08-06 09:04:02 WARN  FOUserAgent:94 - Font "Symbol,normal,700" not found. Substituting with "Symbol,normal,400".
2023-08-06 09:04:02 WARN  FOUserAgent:94 - Font "ZapfDingbats,normal,700" not found. Substituting with "ZapfDingbats,normal,400".
2023-08-06 09:04:02 WARN  FOUserAgent:97 - The contents of fo:region-before on page 1 exceed the available area in the block-progression direction by 120000 millipoints. (No context info available)
2023-08-06 09:04:02 INFO  FOUserAgent:83 - Rendered page #1.
2023-08-06 09:16:24 WARN  FOUserAgent:97 - The following feature isn't implemented by Apache FOP, yet: table-layout="auto" (on fo:table) (No context info available)
2023-08-06 09:16:24 WARN  FOUserAgent:97 - Unknown formatting object "{}br" encountered (a child of fo:block}. (No context info available)
2023-08-06 09:16:24 WARN  FOUserAgent:97 - Unknown formatting object "{}br" encountered (a child of fo:block}. (No context info available)
2023-08-06 09:16:24 WARN  FOUserAgent:97 - Unknown formatting object "{}br" encountered (a child of fo:block}. (No context info available)
2023-08-06 09:16:24 WARN  FOUserAgent:97 - Unknown formatting object "{}br" encountered (a child of fo:block}. (No context info available)
2023-08-06 09:16:24 WARN  FOUserAgent:97 - The following feature isn't implemented by Apache FOP, yet: table-layout="auto" (on fo:table) (No context info available)
2023-08-06 09:16:24 WARN  FOUserAgent:97 - Invalid property value encountered in border="" (No context info available)
2023-08-06 09:16:24 WARN  FOUserAgent:97 - The contents of fo:block line 1 exceed the available area in the inline-progression direction by 11148 millipoints. (No context info available)
2023-08-06 09:16:24 WARN  FOUserAgent:97 - The contents of fo:region-before on page 1 exceed the available area in the block-progression direction by 100000 millipoints. (No context info available)
2023-08-06 09:16:24 INFO  FOUserAgent:83 - Rendered page #1.
2023-08-06 09:21:56 WARN  FOUserAgent:97 - The following feature isn't implemented by Apache FOP, yet: table-layout="auto" (on fo:table) (No context info available)
2023-08-06 09:21:56 WARN  FOUserAgent:97 - Unknown formatting object "{}br" encountered (a child of fo:block}. (No context info available)
2023-08-06 09:21:56 WARN  FOUserAgent:97 - Unknown formatting object "{}br" encountered (a child of fo:block}. (No context info available)
2023-08-06 09:21:56 WARN  FOUserAgent:97 - Unknown formatting object "{}br" encountered (a child of fo:block}. (No context info available)
2023-08-06 09:21:56 WARN  FOUserAgent:97 - Unknown formatting object "{}br" encountered (a child of fo:block}. (No context info available)
2023-08-06 09:21:56 WARN  FOUserAgent:97 - The following feature isn't implemented by Apache FOP, yet: table-layout="auto" (on fo:table) (No context info available)
2023-08-06 09:21:56 WARN  FOUserAgent:97 - Invalid property value encountered in border="" (No context info available)
2023-08-06 09:21:56 WARN  FOUserAgent:97 - The contents of fo:block line 1 exceed the available area in the inline-progression direction by 11148 millipoints. (No context info available)
2023-08-06 09:21:56 INFO  FOUserAgent:83 - Rendered page #1.
2023-08-06 09:32:03 WARN  FOUserAgent:97 - The following feature isn't implemented by Apache FOP, yet: table-layout="auto" (on fo:table) (No context info available)
2023-08-06 09:32:03 WARN  FOUserAgent:97 - The following feature isn't implemented by Apache FOP, yet: table-layout="auto" (on fo:table) (No context info available)
2023-08-06 09:32:03 WARN  FOUserAgent:97 - The following feature isn't implemented by Apache FOP, yet: table-layout="auto" (on fo:table) (No context info available)
2023-08-06 09:32:03 WARN  FOUserAgent:94 - Font "Symbol,normal,700" not found. Substituting with "Symbol,normal,400".
2023-08-06 09:32:03 WARN  FOUserAgent:94 - Font "ZapfDingbats,normal,700" not found. Substituting with "ZapfDingbats,normal,400".
2023-08-06 09:32:03 WARN  FOUserAgent:97 - The contents of fo:region-before on page 1 exceed the available area in the block-progression direction by 28800 millipoints. (No context info available)
2023-08-06 09:32:03 INFO  FOUserAgent:83 - Rendered page #1.
2023-08-06 14:21:28 WARN  FOUserAgent:97 - The following feature isn't implemented by Apache FOP, yet: table-layout="auto" (on fo:table) (No context info available)
2023-08-06 14:21:28 WARN  FOUserAgent:97 - The following feature isn't implemented by Apache FOP, yet: table-layout="auto" (on fo:table) (No context info available)
2023-08-06 14:21:28 WARN  FOUserAgent:97 - The following feature isn't implemented by Apache FOP, yet: table-layout="auto" (on fo:table) (No context info available)
2023-08-06 14:21:28 WARN  FOUserAgent:94 - Font "Symbol,normal,700" not found. Substituting with "Symbol,normal,400".
2023-08-06 14:21:28 WARN  FOUserAgent:94 - Font "ZapfDingbats,normal,700" not found. Substituting with "ZapfDingbats,normal,400".
2023-08-06 14:21:28 WARN  FOUserAgent:97 - The contents of fo:region-before on page 1 exceed the available area in the block-progression direction by 28800 millipoints. (No context info available)
2023-08-06 14:21:28 INFO  FOUserAgent:83 - Rendered page #1.
2023-08-06 15:39:52 WARN  FOUserAgent:97 - The following feature isn't implemented by Apache FOP, yet: table-layout="auto" (on fo:table) (No context info available)
2023-08-06 15:39:52 WARN  FOUserAgent:97 - The following feature isn't implemented by Apache FOP, yet: table-layout="auto" (on fo:table) (No context info available)
2023-08-06 15:39:52 WARN  FOUserAgent:97 - The following feature isn't implemented by Apache FOP, yet: table-layout="auto" (on fo:table) (No context info available)
2023-08-06 15:39:52 WARN  FOUserAgent:94 - Font "Symbol,normal,700" not found. Substituting with "Symbol,normal,400".
2023-08-06 15:39:52 WARN  FOUserAgent:94 - Font "ZapfDingbats,normal,700" not found. Substituting with "ZapfDingbats,normal,400".
2023-08-06 15:39:52 WARN  FOUserAgent:97 - The contents of fo:region-before on page 1 exceed the available area in the block-progression direction by 28800 millipoints. (No context info available)
2023-08-06 15:39:52 INFO  FOUserAgent:83 - Rendered page #1.
2023-08-07 07:45:37 WARN  FOUserAgent:97 - The following feature isn't implemented by Apache FOP, yet: table-layout="auto" (on fo:table) (No context info available)
2023-08-07 07:45:37 WARN  FOUserAgent:97 - The following feature isn't implemented by Apache FOP, yet: table-layout="auto" (on fo:table) (No context info available)
2023-08-07 07:45:37 WARN  FOUserAgent:97 - The following feature isn't implemented by Apache FOP, yet: table-layout="auto" (on fo:table) (No context info available)
2023-08-07 07:45:37 WARN  FOUserAgent:94 - Font "Symbol,normal,700" not found. Substituting with "Symbol,normal,400".
2023-08-07 07:45:37 WARN  FOUserAgent:94 - Font "ZapfDingbats,normal,700" not found. Substituting with "ZapfDingbats,normal,400".
2023-08-07 07:45:37 WARN  FOUserAgent:97 - The contents of fo:region-before on page 1 exceed the available area in the block-progression direction by 28800 millipoints. (No context info available)
2023-08-07 07:45:37 INFO  FOUserAgent:83 - Rendered page #1.
2023-08-07 07:46:15 WARN  FOUserAgent:97 - The following feature isn't implemented by Apache FOP, yet: table-layout="auto" (on fo:table) (No context info available)
2023-08-07 07:46:15 WARN  FOUserAgent:97 - The following feature isn't implemented by Apache FOP, yet: table-layout="auto" (on fo:table) (No context info available)
2023-08-07 07:46:15 WARN  FOUserAgent:97 - The following feature isn't implemented by Apache FOP, yet: table-layout="auto" (on fo:table) (No context info available)
2023-08-07 07:46:15 WARN  FOUserAgent:94 - Font "Symbol,normal,700" not found. Substituting with "Symbol,normal,400".
2023-08-07 07:46:15 WARN  FOUserAgent:94 - Font "ZapfDingbats,normal,700" not found. Substituting with "ZapfDingbats,normal,400".
2023-08-07 07:46:15 WARN  FOUserAgent:97 - The contents of fo:region-before on page 1 exceed the available area in the block-progression direction by 28800 millipoints. (No context info available)
2023-08-07 07:46:15 INFO  FOUserAgent:83 - Rendered page #1.
2023-08-07 07:47:57 WARN  FOUserAgent:97 - The following feature isn't implemented by Apache FOP, yet: table-layout="auto" (on fo:table) (No context info available)
2023-08-07 07:47:57 WARN  FOUserAgent:97 - The following feature isn't implemented by Apache FOP, yet: table-layout="auto" (on fo:table) (No context info available)
2023-08-07 07:47:57 WARN  FOUserAgent:97 - The following feature isn't implemented by Apache FOP, yet: table-layout="auto" (on fo:table) (No context info available)
2023-08-07 07:47:57 WARN  FOUserAgent:94 - Font "Symbol,normal,700" not found. Substituting with "Symbol,normal,400".
2023-08-07 07:47:57 WARN  FOUserAgent:94 - Font "ZapfDingbats,normal,700" not found. Substituting with "ZapfDingbats,normal,400".
2023-08-07 07:47:57 WARN  FOUserAgent:97 - The contents of fo:region-before on page 1 exceed the available area in the block-progression direction by 28800 millipoints. (No context info available)
2023-08-07 07:47:57 INFO  FOUserAgent:83 - Rendered page #1.
2023-08-07 07:47:58 WARN  FOUserAgent:97 - The following feature isn't implemented by Apache FOP, yet: table-layout="auto" (on fo:table) (No context info available)
2023-08-07 07:47:58 WARN  FOUserAgent:97 - The following feature isn't implemented by Apache FOP, yet: table-layout="auto" (on fo:table) (No context info available)
2023-08-07 07:47:58 WARN  FOUserAgent:97 - The following feature isn't implemented by Apache FOP, yet: table-layout="auto" (on fo:table) (No context info available)
2023-08-07 07:47:58 WARN  FOUserAgent:94 - Font "Symbol,normal,700" not found. Substituting with "Symbol,normal,400".
2023-08-07 07:47:58 WARN  FOUserAgent:94 - Font "ZapfDingbats,normal,700" not found. Substituting with "ZapfDingbats,normal,400".
2023-08-07 07:47:58 WARN  FOUserAgent:97 - The contents of fo:region-before on page 1 exceed the available area in the block-progression direction by 28800 millipoints. (No context info available)
2023-08-07 07:47:58 INFO  FOUserAgent:83 - Rendered page #1.
2023-08-07 11:03:59 WARN  FOUserAgent:97 - The following feature isn't implemented by Apache FOP, yet: table-layout="auto" (on fo:table) (No context info available)
2023-08-07 11:04:00 WARN  FOUserAgent:97 - The following feature isn't implemented by Apache FOP, yet: table-layout="auto" (on fo:table) (No context info available)
2023-08-07 11:04:00 WARN  FOUserAgent:97 - The following feature isn't implemented by Apache FOP, yet: table-layout="auto" (on fo:table) (No context info available)
2023-08-07 11:04:00 WARN  FOUserAgent:94 - Font "Symbol,normal,700" not found. Substituting with "Symbol,normal,400".
2023-08-07 11:04:00 WARN  FOUserAgent:94 - Font "ZapfDingbats,normal,700" not found. Substituting with "ZapfDingbats,normal,400".
2023-08-07 11:04:00 WARN  FOUserAgent:97 - The contents of fo:region-before on page 1 exceed the available area in the block-progression direction by 28800 millipoints. (No context info available)
2023-08-07 11:04:00 INFO  FOUserAgent:83 - Rendered page #1.
2023-08-07 11:04:01 WARN  FOUserAgent:97 - The following feature isn't implemented by Apache FOP, yet: table-layout="auto" (on fo:table) (No context info available)
2023-08-07 11:04:01 WARN  FOUserAgent:97 - The following feature isn't implemented by Apache FOP, yet: table-layout="auto" (on fo:table) (No context info available)
2023-08-07 11:04:01 WARN  FOUserAgent:97 - The following feature isn't implemented by Apache FOP, yet: table-layout="auto" (on fo:table) (No context info available)
2023-08-07 11:04:01 WARN  FOUserAgent:94 - Font "Symbol,normal,700" not found. Substituting with "Symbol,normal,400".
2023-08-07 11:04:01 WARN  FOUserAgent:94 - Font "ZapfDingbats,normal,700" not found. Substituting with "ZapfDingbats,normal,400".
2023-08-07 11:04:01 WARN  FOUserAgent:97 - The contents of fo:region-before on page 1 exceed the available area in the block-progression direction by 28800 millipoints. (No context info available)
2023-08-07 11:04:01 INFO  FOUserAgent:83 - Rendered page #1.
2023-08-07 11:05:55 WARN  FOUserAgent:97 - The following feature isn't implemented by Apache FOP, yet: table-layout="auto" (on fo:table) (No context info available)
2023-08-07 11:05:55 WARN  FOUserAgent:97 - The following feature isn't implemented by Apache FOP, yet: table-layout="auto" (on fo:table) (No context info available)
2023-08-07 11:05:55 WARN  FOUserAgent:97 - The following feature isn't implemented by Apache FOP, yet: table-layout="auto" (on fo:table) (No context info available)
2023-08-07 11:05:55 WARN  FOUserAgent:94 - Font "Symbol,normal,700" not found. Substituting with "Symbol,normal,400".
2023-08-07 11:05:55 WARN  FOUserAgent:94 - Font "ZapfDingbats,normal,700" not found. Substituting with "ZapfDingbats,normal,400".
2023-08-07 11:05:55 WARN  FOUserAgent:97 - The contents of fo:region-before on page 1 exceed the available area in the block-progression direction by 28800 millipoints. (No context info available)
2023-08-07 11:05:55 INFO  FOUserAgent:83 - Rendered page #1.
2023-08-07 11:05:56 WARN  FOUserAgent:97 - The following feature isn't implemented by Apache FOP, yet: table-layout="auto" (on fo:table) (No context info available)
2023-08-07 11:05:56 WARN  FOUserAgent:97 - The following feature isn't implemented by Apache FOP, yet: table-layout="auto" (on fo:table) (No context info available)
2023-08-07 11:05:56 WARN  FOUserAgent:97 - The following feature isn't implemented by Apache FOP, yet: table-layout="auto" (on fo:table) (No context info available)
2023-08-07 11:05:56 WARN  FOUserAgent:94 - Font "Symbol,normal,700" not found. Substituting with "Symbol,normal,400".
2023-08-07 11:05:56 WARN  FOUserAgent:94 - Font "ZapfDingbats,normal,700" not found. Substituting with "ZapfDingbats,normal,400".
2023-08-07 11:05:56 WARN  FOUserAgent:97 - The contents of fo:region-before on page 1 exceed the available area in the block-progression direction by 28800 millipoints. (No context info available)
2023-08-07 11:05:56 INFO  FOUserAgent:83 - Rendered page #1.
2023-08-07 11:07:11 WARN  FOUserAgent:97 - The following feature isn't implemented by Apache FOP, yet: table-layout="auto" (on fo:table) (No context info available)
2023-08-07 11:07:11 WARN  FOUserAgent:97 - The following feature isn't implemented by Apache FOP, yet: table-layout="auto" (on fo:table) (No context info available)
2023-08-07 11:07:11 WARN  FOUserAgent:97 - The following feature isn't implemented by Apache FOP, yet: table-layout="auto" (on fo:table) (No context info available)
2023-08-07 11:07:11 WARN  FOUserAgent:94 - Font "Symbol,normal,700" not found. Substituting with "Symbol,normal,400".
2023-08-07 11:07:11 WARN  FOUserAgent:94 - Font "ZapfDingbats,normal,700" not found. Substituting with "ZapfDingbats,normal,400".
2023-08-07 11:07:11 WARN  FOUserAgent:97 - The contents of fo:region-before on page 1 exceed the available area in the block-progression direction by 28800 millipoints. (No context info available)
2023-08-07 11:07:11 INFO  FOUserAgent:83 - Rendered page #1.
2023-08-07 11:07:12 WARN  FOUserAgent:97 - The following feature isn't implemented by Apache FOP, yet: table-layout="auto" (on fo:table) (No context info available)
2023-08-07 11:07:12 WARN  FOUserAgent:97 - The following feature isn't implemented by Apache FOP, yet: table-layout="auto" (on fo:table) (No context info available)
2023-08-07 11:07:12 WARN  FOUserAgent:97 - The following feature isn't implemented by Apache FOP, yet: table-layout="auto" (on fo:table) (No context info available)
2023-08-07 11:07:12 WARN  FOUserAgent:94 - Font "Symbol,normal,700" not found. Substituting with "Symbol,normal,400".
2023-08-07 11:07:12 WARN  FOUserAgent:94 - Font "ZapfDingbats,normal,700" not found. Substituting with "ZapfDingbats,normal,400".
2023-08-07 11:07:12 WARN  FOUserAgent:97 - The contents of fo:region-before on page 1 exceed the available area in the block-progression direction by 28800 millipoints. (No context info available)
2023-08-07 11:07:12 INFO  FOUserAgent:83 - Rendered page #1.
2023-08-07 11:41:04 WARN  FOUserAgent:97 - The following feature isn't implemented by Apache FOP, yet: table-layout="auto" (on fo:table) (No context info available)
2023-08-07 11:41:04 WARN  FOUserAgent:97 - The following feature isn't implemented by Apache FOP, yet: table-layout="auto" (on fo:table) (No context info available)
2023-08-07 11:41:04 WARN  FOUserAgent:97 - The following feature isn't implemented by Apache FOP, yet: table-layout="auto" (on fo:table) (No context info available)
2023-08-07 11:41:04 WARN  FOUserAgent:94 - Font "Symbol,normal,700" not found. Substituting with "Symbol,normal,400".
2023-08-07 11:41:04 WARN  FOUserAgent:94 - Font "ZapfDingbats,normal,700" not found. Substituting with "ZapfDingbats,normal,400".
2023-08-07 11:41:04 WARN  FOUserAgent:97 - The contents of fo:block line 1 exceed the available area in the inline-progression direction by 29049 millipoints. (No context info available)
2023-08-07 11:41:04 WARN  FOUserAgent:97 - The contents of fo:region-before on page 1 exceed the available area in the block-progression direction by 28800 millipoints. (No context info available)
2023-08-07 11:41:04 INFO  FOUserAgent:83 - Rendered page #1.
2023-08-07 14:22:15 WARN  FOUserAgent:97 - The following feature isn't implemented by Apache FOP, yet: table-layout="auto" (on fo:table) (No context info available)
2023-08-07 14:22:15 WARN  FOUserAgent:97 - The following feature isn't implemented by Apache FOP, yet: table-layout="auto" (on fo:table) (No context info available)
2023-08-07 14:22:15 WARN  FOUserAgent:97 - The following feature isn't implemented by Apache FOP, yet: table-layout="auto" (on fo:table) (No context info available)
2023-08-07 14:22:15 WARN  FOUserAgent:94 - Font "Symbol,normal,700" not found. Substituting with "Symbol,normal,400".
2023-08-07 14:22:15 WARN  FOUserAgent:94 - Font "ZapfDingbats,normal,700" not found. Substituting with "ZapfDingbats,normal,400".
2023-08-07 14:22:15 WARN  FOUserAgent:97 - The contents of fo:region-before on page 1 exceed the available area in the block-progression direction by 28800 millipoints. (No context info available)
2023-08-07 14:22:15 INFO  FOUserAgent:83 - Rendered page #1.
2023-08-07 14:22:16 WARN  FOUserAgent:97 - The following feature isn't implemented by Apache FOP, yet: table-layout="auto" (on fo:table) (No context info available)
2023-08-07 14:22:16 WARN  FOUserAgent:97 - The following feature isn't implemented by Apache FOP, yet: table-layout="auto" (on fo:table) (No context info available)
2023-08-07 14:22:16 WARN  FOUserAgent:97 - The following feature isn't implemented by Apache FOP, yet: table-layout="auto" (on fo:table) (No context info available)
2023-08-07 14:22:16 WARN  FOUserAgent:94 - Font "Symbol,normal,700" not found. Substituting with "Symbol,normal,400".
2023-08-07 14:22:16 WARN  FOUserAgent:94 - Font "ZapfDingbats,normal,700" not found. Substituting with "ZapfDingbats,normal,400".
2023-08-07 14:22:16 WARN  FOUserAgent:97 - The contents of fo:region-before on page 1 exceed the available area in the block-progression direction by 28800 millipoints. (No context info available)
2023-08-07 14:22:16 INFO  FOUserAgent:83 - Rendered page #1.
2023-08-07 20:59:58 WARN  FOUserAgent:97 - The following feature isn't implemented by Apache FOP, yet: table-layout="auto" (on fo:table) (No context info available)
2023-08-07 20:59:58 WARN  FOUserAgent:97 - The following feature isn't implemented by Apache FOP, yet: table-layout="auto" (on fo:table) (No context info available)
2023-08-07 20:59:58 WARN  FOUserAgent:97 - The following feature isn't implemented by Apache FOP, yet: table-layout="auto" (on fo:table) (No context info available)
2023-08-07 20:59:58 WARN  FOUserAgent:94 - Font "Symbol,normal,700" not found. Substituting with "Symbol,normal,400".
2023-08-07 20:59:58 WARN  FOUserAgent:94 - Font "ZapfDingbats,normal,700" not found. Substituting with "ZapfDingbats,normal,400".
2023-08-07 20:59:58 WARN  FOUserAgent:97 - The contents of fo:region-before on page 1 exceed the available area in the block-progression direction by 28800 millipoints. (No context info available)
2023-08-07 20:59:58 INFO  FOUserAgent:83 - Rendered page #1.
2023-08-08 10:34:42 WARN  FOUserAgent:97 - The following feature isn't implemented by Apache FOP, yet: table-layout="auto" (on fo:table) (No context info available)
2023-08-08 10:34:42 WARN  FOUserAgent:97 - The following feature isn't implemented by Apache FOP, yet: table-layout="auto" (on fo:table) (No context info available)
2023-08-08 10:34:42 WARN  FOUserAgent:97 - The following feature isn't implemented by Apache FOP, yet: table-layout="auto" (on fo:table) (No context info available)
2023-08-08 10:34:42 WARN  FOUserAgent:94 - Font "Symbol,normal,700" not found. Substituting with "Symbol,normal,400".
2023-08-08 10:34:42 WARN  FOUserAgent:94 - Font "ZapfDingbats,normal,700" not found. Substituting with "ZapfDingbats,normal,400".
2023-08-08 10:34:42 WARN  FOUserAgent:97 - The contents of fo:region-before on page 1 exceed the available area in the block-progression direction by 28800 millipoints. (No context info available)
2023-08-08 10:34:42 INFO  FOUserAgent:83 - Rendered page #1.
2023-08-08 10:34:44 WARN  FOUserAgent:97 - The following feature isn't implemented by Apache FOP, yet: table-layout="auto" (on fo:table) (No context info available)
2023-08-08 10:34:44 WARN  FOUserAgent:97 - The following feature isn't implemented by Apache FOP, yet: table-layout="auto" (on fo:table) (No context info available)
2023-08-08 10:34:44 WARN  FOUserAgent:97 - The following feature isn't implemented by Apache FOP, yet: table-layout="auto" (on fo:table) (No context info available)
2023-08-08 10:34:44 WARN  FOUserAgent:94 - Font "Symbol,normal,700" not found. Substituting with "Symbol,normal,400".
2023-08-08 10:34:44 WARN  FOUserAgent:94 - Font "ZapfDingbats,normal,700" not found. Substituting with "ZapfDingbats,normal,400".
2023-08-08 10:34:44 WARN  FOUserAgent:97 - The contents of fo:region-before on page 1 exceed the available area in the block-progression direction by 28800 millipoints. (No context info available)
2023-08-08 10:34:44 INFO  FOUserAgent:83 - Rendered page #1.
2023-08-08 10:36:37 WARN  FOUserAgent:97 - The following feature isn't implemented by Apache FOP, yet: table-layout="auto" (on fo:table) (No context info available)
2023-08-08 10:36:37 WARN  FOUserAgent:97 - The following feature isn't implemented by Apache FOP, yet: table-layout="auto" (on fo:table) (No context info available)
2023-08-08 10:36:37 WARN  FOUserAgent:97 - The following feature isn't implemented by Apache FOP, yet: table-layout="auto" (on fo:table) (No context info available)
2023-08-08 10:36:37 WARN  FOUserAgent:94 - Font "Symbol,normal,700" not found. Substituting with "Symbol,normal,400".
2023-08-08 10:36:37 WARN  FOUserAgent:94 - Font "ZapfDingbats,normal,700" not found. Substituting with "ZapfDingbats,normal,400".
2023-08-08 10:36:37 WARN  FOUserAgent:97 - The contents of fo:region-before on page 1 exceed the available area in the block-progression direction by 28800 millipoints. (No context info available)
2023-08-08 10:36:37 INFO  FOUserAgent:83 - Rendered page #1.
2023-08-08 13:34:20 WARN  FOUserAgent:97 - The following feature isn't implemented by Apache FOP, yet: table-layout="auto" (on fo:table) (No context info available)
2023-08-08 13:34:20 WARN  FOUserAgent:97 - The following feature isn't implemented by Apache FOP, yet: table-layout="auto" (on fo:table) (No context info available)
2023-08-08 13:34:20 WARN  FOUserAgent:97 - The following feature isn't implemented by Apache FOP, yet: table-layout="auto" (on fo:table) (No context info available)
2023-08-08 13:34:20 WARN  FOUserAgent:94 - Font "Symbol,normal,700" not found. Substituting with "Symbol,normal,400".
2023-08-08 13:34:20 WARN  FOUserAgent:94 - Font "ZapfDingbats,normal,700" not found. Substituting with "ZapfDingbats,normal,400".
2023-08-08 13:34:20 WARN  FOUserAgent:97 - The contents of fo:region-before on page 1 exceed the available area in the block-progression direction by 28800 millipoints. (No context info available)
2023-08-08 13:34:20 INFO  FOUserAgent:83 - Rendered page #1.
2023-08-10 16:24:19 WARN  FOUserAgent:97 - The following feature isn't implemented by Apache FOP, yet: table-layout="auto" (on fo:table) (No context info available)
2023-08-10 16:24:19 WARN  FOUserAgent:97 - The following feature isn't implemented by Apache FOP, yet: table-layout="auto" (on fo:table) (No context info available)
2023-08-10 16:24:19 WARN  FOUserAgent:97 - The following feature isn't implemented by Apache FOP, yet: table-layout="auto" (on fo:table) (No context info available)
2023-08-10 16:24:20 WARN  FOUserAgent:94 - Font "Symbol,normal,700" not found. Substituting with "Symbol,normal,400".
2023-08-10 16:24:20 WARN  FOUserAgent:94 - Font "ZapfDingbats,normal,700" not found. Substituting with "ZapfDingbats,normal,400".
2023-08-10 16:24:20 WARN  FOUserAgent:97 - The contents of fo:region-before on page 1 exceed the available area in the block-progression direction by 28800 millipoints. (No context info available)
2023-08-10 16:24:20 INFO  FOUserAgent:83 - Rendered page #1.
2023-08-10 16:24:37 WARN  FOUserAgent:97 - The following feature isn't implemented by Apache FOP, yet: table-layout="auto" (on fo:table) (No context info available)
2023-08-10 16:24:37 WARN  FOUserAgent:97 - The following feature isn't implemented by Apache FOP, yet: table-layout="auto" (on fo:table) (No context info available)
2023-08-10 16:24:37 WARN  FOUserAgent:97 - The following feature isn't implemented by Apache FOP, yet: table-layout="auto" (on fo:table) (No context info available)
2023-08-10 16:24:37 WARN  FOUserAgent:94 - Font "Symbol,normal,700" not found. Substituting with "Symbol,normal,400".
2023-08-10 16:24:37 WARN  FOUserAgent:94 - Font "ZapfDingbats,normal,700" not found. Substituting with "ZapfDingbats,normal,400".
2023-08-10 16:24:37 WARN  FOUserAgent:97 - The contents of fo:region-before on page 1 exceed the available area in the block-progression direction by 28800 millipoints. (No context info available)
2023-08-10 16:24:37 INFO  FOUserAgent:83 - Rendered page #1.
2023-08-10 18:51:37 WARN  FOUserAgent:97 - The following feature isn't implemented by Apache FOP, yet: table-layout="auto" (on fo:table) (No context info available)
2023-08-10 18:51:37 WARN  FOUserAgent:97 - The following feature isn't implemented by Apache FOP, yet: table-layout="auto" (on fo:table) (No context info available)
2023-08-10 18:51:37 WARN  FOUserAgent:97 - The following feature isn't implemented by Apache FOP, yet: table-layout="auto" (on fo:table) (No context info available)
2023-08-10 18:51:37 WARN  FOUserAgent:94 - Font "Symbol,normal,700" not found. Substituting with "Symbol,normal,400".
2023-08-10 18:51:37 WARN  FOUserAgent:94 - Font "ZapfDingbats,normal,700" not found. Substituting with "ZapfDingbats,normal,400".
2023-08-10 18:51:37 WARN  FOUserAgent:97 - The contents of fo:region-before on page 1 exceed the available area in the block-progression direction by 28800 millipoints. (No context info available)
2023-08-10 18:51:37 INFO  FOUserAgent:83 - Rendered page #1.
2023-08-11 11:45:29 WARN  FOUserAgent:97 - The following feature isn't implemented by Apache FOP, yet: table-layout="auto" (on fo:table) (No context info available)
2023-08-11 11:45:29 WARN  FOUserAgent:97 - The following feature isn't implemented by Apache FOP, yet: table-layout="auto" (on fo:table) (No context info available)
2023-08-11 11:45:29 WARN  FOUserAgent:97 - The following feature isn't implemented by Apache FOP, yet: table-layout="auto" (on fo:table) (No context info available)
2023-08-11 11:45:29 WARN  FOUserAgent:94 - Font "Symbol,normal,700" not found. Substituting with "Symbol,normal,400".
2023-08-11 11:45:29 WARN  FOUserAgent:94 - Font "ZapfDingbats,normal,700" not found. Substituting with "ZapfDingbats,normal,400".
2023-08-11 11:45:29 WARN  FOUserAgent:97 - The contents of fo:region-before on page 1 exceed the available area in the block-progression direction by 28800 millipoints. (No context info available)
2023-08-11 11:45:29 INFO  FOUserAgent:83 - Rendered page #1.
2023-08-11 11:45:32 WARN  FOUserAgent:97 - The following feature isn't implemented by Apache FOP, yet: table-layout="auto" (on fo:table) (No context info available)
2023-08-11 11:45:32 WARN  FOUserAgent:97 - The following feature isn't implemented by Apache FOP, yet: table-layout="auto" (on fo:table) (No context info available)
2023-08-11 11:45:32 WARN  FOUserAgent:97 - The following feature isn't implemented by Apache FOP, yet: table-layout="auto" (on fo:table) (No context info available)
2023-08-11 11:45:32 WARN  FOUserAgent:94 - Font "Symbol,normal,700" not found. Substituting with "Symbol,normal,400".
2023-08-11 11:45:32 WARN  FOUserAgent:94 - Font "ZapfDingbats,normal,700" not found. Substituting with "ZapfDingbats,normal,400".
2023-08-11 11:45:32 WARN  FOUserAgent:97 - The contents of fo:region-before on page 1 exceed the available area in the block-progression direction by 28800 millipoints. (No context info available)
2023-08-11 11:45:32 INFO  FOUserAgent:83 - Rendered page #1.
2023-08-11 11:45:33 WARN  FOUserAgent:97 - The following feature isn't implemented by Apache FOP, yet: table-layout="auto" (on fo:table) (No context info available)
2023-08-11 11:45:33 WARN  FOUserAgent:97 - The following feature isn't implemented by Apache FOP, yet: table-layout="auto" (on fo:table) (No context info available)
2023-08-11 11:45:33 WARN  FOUserAgent:97 - The following feature isn't implemented by Apache FOP, yet: table-layout="auto" (on fo:table) (No context info available)
2023-08-11 11:45:33 WARN  FOUserAgent:94 - Font "Symbol,normal,700" not found. Substituting with "Symbol,normal,400".
2023-08-11 11:45:33 WARN  FOUserAgent:94 - Font "ZapfDingbats,normal,700" not found. Substituting with "ZapfDingbats,normal,400".
2023-08-11 11:45:33 WARN  FOUserAgent:97 - The contents of fo:region-before on page 1 exceed the available area in the block-progression direction by 28800 millipoints. (No context info available)
2023-08-11 11:45:33 INFO  FOUserAgent:83 - Rendered page #1.
2023-08-11 13:24:35 WARN  FOUserAgent:97 - The following feature isn't implemented by Apache FOP, yet: table-layout="auto" (on fo:table) (No context info available)
2023-08-11 13:24:35 WARN  FOUserAgent:97 - The following feature isn't implemented by Apache FOP, yet: table-layout="auto" (on fo:table) (No context info available)
2023-08-11 13:24:35 WARN  FOUserAgent:97 - The following feature isn't implemented by Apache FOP, yet: table-layout="auto" (on fo:table) (No context info available)
2023-08-11 13:24:35 WARN  FOUserAgent:94 - Font "Symbol,normal,700" not found. Substituting with "Symbol,normal,400".
2023-08-11 13:24:35 WARN  FOUserAgent:94 - Font "ZapfDingbats,normal,700" not found. Substituting with "ZapfDingbats,normal,400".
2023-08-11 13:24:35 WARN  FOUserAgent:97 - The contents of fo:region-before on page 1 exceed the available area in the block-progression direction by 28800 millipoints. (No context info available)
2023-08-11 13:24:35 INFO  FOUserAgent:83 - Rendered page #1.
2023-08-11 13:24:36 WARN  FOUserAgent:97 - The following feature isn't implemented by Apache FOP, yet: table-layout="auto" (on fo:table) (No context info available)
2023-08-11 13:24:36 WARN  FOUserAgent:97 - The following feature isn't implemented by Apache FOP, yet: table-layout="auto" (on fo:table) (No context info available)
2023-08-11 13:24:36 WARN  FOUserAgent:97 - The following feature isn't implemented by Apache FOP, yet: table-layout="auto" (on fo:table) (No context info available)
2023-08-11 13:24:36 WARN  FOUserAgent:94 - Font "Symbol,normal,700" not found. Substituting with "Symbol,normal,400".
2023-08-11 13:24:36 WARN  FOUserAgent:94 - Font "ZapfDingbats,normal,700" not found. Substituting with "ZapfDingbats,normal,400".
2023-08-11 13:24:36 WARN  FOUserAgent:97 - The contents of fo:region-before on page 1 exceed the available area in the block-progression direction by 28800 millipoints. (No context info available)
2023-08-11 13:24:36 INFO  FOUserAgent:83 - Rendered page #1.
2023-08-11 13:56:40 WARN  FOUserAgent:97 - The following feature isn't implemented by Apache FOP, yet: table-layout="auto" (on fo:table) (No context info available)
2023-08-11 13:56:40 WARN  FOUserAgent:97 - The following feature isn't implemented by Apache FOP, yet: table-layout="auto" (on fo:table) (No context info available)
2023-08-11 13:56:40 WARN  FOUserAgent:97 - The following feature isn't implemented by Apache FOP, yet: table-layout="auto" (on fo:table) (No context info available)
2023-08-11 13:56:40 WARN  FOUserAgent:94 - Font "Symbol,normal,700" not found. Substituting with "Symbol,normal,400".
2023-08-11 13:56:40 WARN  FOUserAgent:94 - Font "ZapfDingbats,normal,700" not found. Substituting with "ZapfDingbats,normal,400".
2023-08-11 13:56:40 WARN  FOUserAgent:97 - The contents of fo:region-before on page 1 exceed the available area in the block-progression direction by 28800 millipoints. (No context info available)
2023-08-11 13:56:40 INFO  FOUserAgent:83 - Rendered page #1.
